{"address":"127.0.0.1","code":"ECONNREFUSED","errno":-111,"level":"error","port":32727,"syscall":"connect","timestamp":"2026-07-01T06:55:31.965Z"}
{"address":"127.0.0.1","code":"ECONNREFUSED","errno":-111,"level":"error","port":32727,"syscall":"connect","timestamp":"2026-07-01T06:56:33.065Z"}
{"address":"127.0.0.1","code":"ECONNREFUSED","errno":-111,"level":"error","port":32727,"syscall":"connect","timestamp":"2026-07-01T06:59:00.663Z"}
{"address":"172.17.0.3","code":"ECONNREFUSED","errno":-111,"level":"error","port":30423,"syscall":"connect","timestamp":"2026-07-01T07:10:53.156Z"}
{"address":"172.17.0.3","code":"ECONNREFUSED","errno":-111,"level":"error","port":30423,"syscall":"connect","timestamp":"2026-07-01T07:11:56.703Z"}
{"address":"172.17.0.3","code":"ECONNREFUSED","errno":-111,"level":"error","port":30423,"syscall":"connect","timestamp":"2026-07-01T07:13:06.456Z"}
{"address":"127.0.0.1","code":"ECONNREFUSED","errno":-111,"level":"error","port":30432,"syscall":"connect","timestamp":"2026-07-01T07:17:58.069Z"}
{"code":"42P01","file":"parse_relation.c","length":110,"level":"error","line":"1449","name":"error","position":"15","routine":"parserOpenTable","severity":"ERROR","timestamp":"2026-07-01T07:18:54.602Z"}
{"code":"42P01","file":"parse_relation.c","length":110,"level":"error","line":"1449","name":"error","position":"15","routine":"parserOpenTable","severity":"ERROR","timestamp":"2026-07-01T07:23:14.918Z"}
{"level":"error","timestamp":"2026-07-01T07:28:10.086Z"}
{"level":"error","timestamp":"2026-07-01T07:28:10.511Z"}
{"level":"error","timestamp":"2026-07-01T07:28:10.926Z"}
{"level":"error","timestamp":"2026-07-01T07:28:11.062Z"}
{"level":"error","timestamp":"2026-07-01T07:28:11.226Z"}
{"level":"error","timestamp":"2026-07-01T07:28:11.398Z"}
{"level":"error","timestamp":"2026-07-01T07:28:11.538Z"}
{"level":"error","timestamp":"2026-07-01T07:28:11.691Z"}
{"level":"error","timestamp":"2026-07-01T07:28:11.853Z"}
{"level":"error","timestamp":"2026-07-01T07:28:12.021Z"}
{"level":"error","timestamp":"2026-07-01T07:28:12.417Z"}
{"level":"error","timestamp":"2026-07-01T07:28:12.782Z"}
{"level":"error","timestamp":"2026-07-01T07:28:13.009Z"}
{"level":"error","timestamp":"2026-07-01T07:28:13.285Z"}
{"level":"error","timestamp":"2026-07-01T07:28:13.655Z"}
{"code":400,"level":"error","timestamp":"2026-07-01T07:46:00.623Z"}
{"code":400,"level":"error","timestamp":"2026-07-01T07:46:03.389Z"}
{"code":400,"level":"error","timestamp":"2026-07-01T07:46:03.940Z"}
{"code":400,"level":"error","timestamp":"2026-07-01T07:46:04.183Z"}
{"code":400,"level":"error","timestamp":"2026-07-01T07:46:04.366Z"}
{"code":400,"level":"error","timestamp":"2026-07-01T07:46:04.747Z"}
{"code":400,"level":"error","timestamp":"2026-07-01T07:46:05.091Z"}
{"code":400,"level":"error","timestamp":"2026-07-01T07:50:42.427Z"}
{"code":400,"level":"error","timestamp":"2026-07-01T07:50:44.900Z"}
{"code":400,"level":"error","timestamp":"2026-07-01T07:50:45.395Z"}
{"code":400,"level":"error","timestamp":"2026-07-01T07:50:45.580Z"}
{"code":400,"level":"error","timestamp":"2026-07-01T07:50:45.780Z"}
{"code":400,"level":"error","timestamp":"2026-07-01T07:50:45.983Z"}
{"code":400,"level":"error","timestamp":"2026-07-01T07:50:46.192Z"}
{"code":400,"level":"error","timestamp":"2026-07-01T07:50:46.349Z"}
{"code":400,"level":"error","timestamp":"2026-07-01T07:50:46.520Z"}
{"code":400,"level":"error","timestamp":"2026-07-01T07:50:46.700Z"}
{"code":400,"level":"error","timestamp":"2026-07-01T07:50:46.848Z"}
{"code":400,"level":"error","timestamp":"2026-07-01T07:50:48.232Z"}
{"code":400,"level":"error","timestamp":"2026-07-01T07:50:48.530Z"}
{"code":400,"level":"error","timestamp":"2026-07-01T07:50:48.841Z"}
{"code":400,"level":"error","timestamp":"2026-07-01T07:50:49.122Z"}
{"code":400,"level":"error","timestamp":"2026-07-01T07:50:49.406Z"}
{"code":400,"level":"error","timestamp":"2026-07-01T07:50:49.671Z"}
{"code":400,"level":"error","timestamp":"2026-07-01T07:50:49.938Z"}
{"code":400,"level":"error","timestamp":"2026-07-01T07:50:50.213Z"}
{"code":400,"level":"error","timestamp":"2026-07-01T07:51:10.760Z"}
{"code":400,"level":"error","timestamp":"2026-07-01T07:51:11.548Z"}
{"code":400,"level":"error","timestamp":"2026-07-01T07:51:11.693Z"}
{"code":400,"level":"error","timestamp":"2026-07-01T07:51:11.840Z"}
{"code":400,"level":"error","timestamp":"2026-07-01T07:51:11.990Z"}
{"code":400,"level":"error","timestamp":"2026-07-01T07:51:12.142Z"}
{"code":400,"level":"error","timestamp":"2026-07-01T07:51:12.281Z"}
{"code":400,"level":"error","timestamp":"2026-07-01T07:51:12.445Z"}
{"code":400,"level":"error","timestamp":"2026-07-01T07:51:12.585Z"}
{"code":400,"level":"error","timestamp":"2026-07-01T07:51:12.745Z"}
{"code":400,"level":"error","timestamp":"2026-07-01T07:51:12.914Z"}
{"code":400,"level":"error","timestamp":"2026-07-01T07:51:13.089Z"}
{"code":400,"level":"error","timestamp":"2026-07-01T07:51:13.300Z"}
{"code":400,"level":"error","timestamp":"2026-07-01T07:51:13.539Z"}
{"code":400,"level":"error","timestamp":"2026-07-01T07:51:13.810Z"}
{"code":400,"level":"error","timestamp":"2026-07-01T07:51:14.119Z"}
{"code":400,"level":"error","timestamp":"2026-07-01T07:51:14.362Z"}
{"code":400,"level":"error","timestamp":"2026-07-01T07:51:14.610Z"}
{"code":400,"level":"error","timestamp":"2026-07-01T07:56:19.515Z"}
{"code":404,"level":"error","timestamp":"2026-07-01T07:57:09.983Z"}
{"code":404,"level":"error","timestamp":"2026-07-01T07:57:10.749Z"}
{"code":404,"level":"error","timestamp":"2026-07-01T07:57:10.893Z"}
{"code":404,"level":"error","timestamp":"2026-07-01T07:57:11.041Z"}
{"level":"error","message":"Not Found","timestamp":"2026-07-01T08:31:37.206Z"}
{"level":"error","message":"Not Found","timestamp":"2026-07-01T08:32:13.345Z"}
{"level":"error","message":"Not Found","timestamp":"2026-07-01T08:32:14.079Z"}
{"level":"error","message":"Not Found","timestamp":"2026-07-01T08:32:14.309Z"}
{"level":"error","message":"Not Found","timestamp":"2026-07-01T08:32:14.458Z"}
{"level":"error","message":"Not Found","timestamp":"2026-07-01T08:32:14.667Z"}
{"level":"error","message":"Not Found","timestamp":"2026-07-01T08:32:16.373Z"}
{"level":"error","message":"Not Found","timestamp":"2026-07-01T08:32:16.586Z"}
{"level":"error","message":"Not Found","timestamp":"2026-07-01T08:32:16.840Z"}
{"level":"error","message":"Not Found","timestamp":"2026-07-01T08:32:17.109Z"}
{"level":"error","message":"Not Found","timestamp":"2026-07-01T08:32:23.176Z"}
{"level":"error","message":"Not Found","timestamp":"2026-07-01T08:32:23.753Z"}
{"code":400,"level":"error","timestamp":"2026-07-01T08:32:43.015Z"}
{"code":"08P01","file":"postgres.c","length":137,"level":"error","line":"1733","name":"error","routine":"exec_bind_message","severity":"ERROR","timestamp":"2026-07-01T08:32:56.255Z"}
{"code":"08P01","file":"postgres.c","length":137,"level":"error","line":"1733","name":"error","routine":"exec_bind_message","severity":"ERROR","timestamp":"2026-07-01T08:32:56.255Z"}
{"code":"42601","file":"scan.l","length":94,"level":"error","line":"1244","name":"error","position":"40","routine":"scanner_yyerror","severity":"ERROR","timestamp":"2026-07-01T08:37:07.753Z"}
{"code":"42601","file":"scan.l","length":94,"level":"error","line":"1244","name":"error","position":"40","routine":"scanner_yyerror","severity":"ERROR","timestamp":"2026-07-01T08:37:07.753Z"}
{"code":400,"level":"error","timestamp":"2026-07-01T08:37:52.371Z"}
{"code":400,"level":"error","timestamp":"2026-07-01T08:37:53.606Z"}
{"code":"42601","file":"scan.l","length":94,"level":"error","line":"1244","name":"error","position":"40","routine":"scanner_yyerror","severity":"ERROR","timestamp":"2026-07-01T08:38:07.309Z"}
{"code":"42601","file":"scan.l","length":94,"level":"error","line":"1244","name":"error","position":"40","routine":"scanner_yyerror","severity":"ERROR","timestamp":"2026-07-01T08:38:07.309Z"}
{"code":400,"level":"error","timestamp":"2026-07-01T08:38:56.903Z"}
{"level":"error","timestamp":"2026-07-01T08:39:41.100Z"}
{"code":400,"level":"error","timestamp":"2026-07-01T08:40:10.364Z"}
{"level":"error","timestamp":"2026-07-01T08:41:24.134Z"}
{"level":"error","message":"Not Found","timestamp":"2026-07-01T08:42:08.949Z"}
{"level":"error","message":"Not Found","timestamp":"2026-07-01T08:42:08.958Z"}
{"level":"error","message":"Not Found","timestamp":"2026-07-01T08:42:08.963Z"}
{"level":"error","message":"Not Found","timestamp":"2026-07-01T08:42:08.967Z"}
{"level":"error","message":"Not Found","timestamp":"2026-07-01T08:42:08.972Z"}
{"level":"error","message":"Not Found","timestamp":"2026-07-01T08:42:08.978Z"}
{"level":"error","message":"Not Found","timestamp":"2026-07-01T08:42:28.061Z"}
{"level":"error","message":"Not Found","timestamp":"2026-07-01T08:42:28.068Z"}
{"level":"error","message":"Not Found","timestamp":"2026-07-01T08:42:28.073Z"}
{"level":"error","message":"Not Found","timestamp":"2026-07-01T08:42:28.080Z"}
{"level":"error","message":"Not Found","timestamp":"2026-07-01T08:42:28.109Z"}
{"level":"error","message":"Not Found","timestamp":"2026-07-01T08:42:28.161Z"}
{"level":"error","message":"Not Found","timestamp":"2026-07-01T08:42:28.250Z"}
{"level":"error","message":"Not Found","timestamp":"2026-07-01T08:42:28.346Z"}
{"level":"error","message":"Not Found","timestamp":"2026-07-01T08:42:28.354Z"}
{"level":"error","message":"Not Found","timestamp":"2026-07-01T08:42:28.395Z"}
{"level":"error","message":"Not Found","timestamp":"2026-07-01T08:42:28.423Z"}
{"level":"error","message":"Not Found","timestamp":"2026-07-01T08:42:28.492Z"}
{"level":"error","message":"Not Found","timestamp":"2026-07-01T08:42:28.515Z"}
{"level":"error","message":"Not Found","timestamp":"2026-07-01T08:42:28.539Z"}
{"level":"error","message":"Not Found","timestamp":"2026-07-01T08:42:28.608Z"}
{"level":"error","message":"Not Found","timestamp":"2026-07-01T08:42:28.634Z"}
{"level":"error","message":"Not Found","timestamp":"2026-07-01T08:42:28.693Z"}
{"level":"error","message":"Not Found","timestamp":"2026-07-01T08:42:28.722Z"}
{"level":"error","message":"Not Found","timestamp":"2026-07-01T08:42:28.768Z"}
{"level":"error","message":"Not Found","timestamp":"2026-07-01T08:42:28.815Z"}
{"level":"error","message":"Not Found","timestamp":"2026-07-01T08:42:29.942Z"}
{"level":"error","message":"Not Found","timestamp":"2026-07-01T08:42:29.949Z"}
{"level":"error","message":"Not Found","timestamp":"2026-07-01T08:42:29.954Z"}
{"level":"error","message":"Not Found","timestamp":"2026-07-01T08:42:29.962Z"}
{"level":"error","message":"Not Found","timestamp":"2026-07-01T08:42:29.986Z"}
{"level":"error","message":"Not Found","timestamp":"2026-07-01T08:42:30.017Z"}
{"level":"error","message":"Not Found","timestamp":"2026-07-01T08:42:30.090Z"}
{"level":"error","message":"Not Found","timestamp":"2026-07-01T08:42:30.190Z"}
{"level":"error","message":"Not Found","timestamp":"2026-07-01T08:42:30.251Z"}
{"level":"error","message":"Not Found","timestamp":"2026-07-01T08:42:30.272Z"}
{"level":"error","message":"Not Found","timestamp":"2026-07-01T08:42:30.307Z"}
{"level":"error","message":"Not Found","timestamp":"2026-07-01T08:42:30.348Z"}
{"level":"error","message":"Not Found","timestamp":"2026-07-01T08:42:30.387Z"}
{"level":"error","message":"Not Found","timestamp":"2026-07-01T08:42:30.394Z"}
{"level":"error","message":"Not Found","timestamp":"2026-07-01T08:42:30.418Z"}
{"level":"error","message":"Not Found","timestamp":"2026-07-01T08:42:30.426Z"}
{"level":"error","message":"Not Found","timestamp":"2026-07-01T08:42:30.464Z"}
{"level":"error","message":"Not Found","timestamp":"2026-07-01T08:42:30.502Z"}
{"level":"error","message":"Not Found","timestamp":"2026-07-01T08:42:30.569Z"}
{"level":"error","message":"Not Found","timestamp":"2026-07-01T08:42:30.576Z"}
{"level":"error","message":"Not Found","timestamp":"2026-07-01T08:42:35.622Z"}
{"level":"error","message":"Not Found","timestamp":"2026-07-01T08:42:35.628Z"}
{"level":"error","message":"Not Found","timestamp":"2026-07-01T08:42:35.633Z"}
{"level":"error","message":"Not Found","timestamp":"2026-07-01T08:42:35.641Z"}
{"level":"error","message":"Not Found","timestamp":"2026-07-01T08:42:35.646Z"}
{"level":"error","message":"Not Found","timestamp":"2026-07-01T08:42:35.685Z"}
{"level":"error","message":"Not Found","timestamp":"2026-07-01T08:42:35.718Z"}
{"level":"error","message":"Not Found","timestamp":"2026-07-01T08:42:35.806Z"}
{"level":"error","message":"Not Found","timestamp":"2026-07-01T08:42:35.908Z"}
{"level":"error","message":"Not Found","timestamp":"2026-07-01T08:42:35.955Z"}
{"level":"error","message":"Not Found","timestamp":"2026-07-01T08:42:35.999Z"}
{"level":"error","message":"Not Found","timestamp":"2026-07-01T08:42:36.010Z"}
{"level":"error","message":"Not Found","timestamp":"2026-07-01T08:42:36.058Z"}
{"level":"error","message":"Not Found","timestamp":"2026-07-01T08:42:36.106Z"}
{"level":"error","message":"Not Found","timestamp":"2026-07-01T08:42:36.134Z"}
{"level":"error","message":"Not Found","timestamp":"2026-07-01T08:42:36.197Z"}
{"level":"error","message":"Not Found","timestamp":"2026-07-01T08:42:36.273Z"}
{"level":"error","message":"Not Found","timestamp":"2026-07-01T08:42:36.303Z"}
{"level":"error","message":"Not Found","timestamp":"2026-07-01T08:42:36.372Z"}
{"level":"error","message":"Not Found","timestamp":"2026-07-01T08:42:36.396Z"}
{"level":"error","message":"Not Found","timestamp":"2026-07-01T08:43:07.517Z"}
{"level":"error","message":"Not Found","timestamp":"2026-07-01T08:43:42.520Z"}
{"level":"error","message":"Not Found","timestamp":"2026-07-01T08:43:42.528Z"}
{"level":"error","message":"Not Found","timestamp":"2026-07-01T08:43:42.535Z"}
{"level":"error","message":"Not Found","timestamp":"2026-07-01T08:43:42.542Z"}
{"level":"error","message":"Not Found","timestamp":"2026-07-01T08:43:42.548Z"}
{"level":"error","message":"Not Found","timestamp":"2026-07-01T08:43:42.553Z"}
{"level":"error","message":"Not Found","timestamp":"2026-07-01T08:44:50.605Z"}
{"level":"error","message":"Not Found","timestamp":"2026-07-01T08:44:59.114Z"}
{"level":"error","message":"Not Found","timestamp":"2026-07-01T08:45:30.996Z"}
{"level":"error","message":"Not Found","timestamp":"2026-07-01T08:45:31.003Z"}
{"level":"error","message":"Not Found","timestamp":"2026-07-01T08:45:31.010Z"}
{"level":"error","message":"Not Found","timestamp":"2026-07-01T08:45:31.020Z"}
{"level":"error","message":"Not Found","timestamp":"2026-07-01T08:45:31.024Z"}
{"level":"error","message":"Not Found","timestamp":"2026-07-01T08:45:31.029Z"}
{"level":"error","message":"Not Found","timestamp":"2026-07-01T08:50:54.624Z"}
{"level":"error","message":"Not Found","timestamp":"2026-07-01T08:50:54.630Z"}
{"level":"error","message":"Not Found","timestamp":"2026-07-01T08:50:54.634Z"}
{"level":"error","message":"Not Found","timestamp":"2026-07-01T08:50:54.638Z"}
{"level":"error","message":"Not Found","timestamp":"2026-07-01T08:50:54.642Z"}
{"level":"error","message":"Not Found","timestamp":"2026-07-01T08:51:25.487Z"}
{"level":"error","message":"Not Found","timestamp":"2026-07-01T08:51:25.500Z"}
{"level":"error","message":"Not Found","timestamp":"2026-07-01T08:51:25.505Z"}
{"level":"error","message":"Not Found","timestamp":"2026-07-01T08:51:25.511Z"}
{"level":"error","message":"Not Found","timestamp":"2026-07-01T08:51:25.516Z"}
{"code":"42601","file":"scan.l","length":92,"level":"error","line":"1244","name":"error","position":"8","routine":"scanner_yyerror","severity":"ERROR","timestamp":"2026-07-01T09:04:49.835Z"}
{"code":"42601","file":"scan.l","length":92,"level":"error","line":"1244","name":"error","position":"8","routine":"scanner_yyerror","severity":"ERROR","timestamp":"2026-07-01T09:04:49.835Z"}
{"code":"42601","file":"scan.l","length":92,"level":"error","line":"1244","name":"error","position":"8","routine":"scanner_yyerror","severity":"ERROR","timestamp":"2026-07-01T09:04:50.136Z"}
{"code":"42601","file":"scan.l","length":92,"level":"error","line":"1244","name":"error","position":"8","routine":"scanner_yyerror","severity":"ERROR","timestamp":"2026-07-01T09:04:50.136Z"}
{"code":"42601","file":"scan.l","length":92,"level":"error","line":"1244","name":"error","position":"8","routine":"scanner_yyerror","severity":"ERROR","timestamp":"2026-07-01T09:04:50.276Z"}
{"code":"42601","file":"scan.l","length":92,"level":"error","line":"1244","name":"error","position":"8","routine":"scanner_yyerror","severity":"ERROR","timestamp":"2026-07-01T09:04:50.276Z"}
{"code":"42601","file":"scan.l","length":92,"level":"error","line":"1244","name":"error","position":"8","routine":"scanner_yyerror","severity":"ERROR","timestamp":"2026-07-01T09:04:50.599Z"}
{"code":"42601","file":"scan.l","length":92,"level":"error","line":"1244","name":"error","position":"8","routine":"scanner_yyerror","severity":"ERROR","timestamp":"2026-07-01T09:04:50.599Z"}
{"code":"42601","file":"scan.l","length":92,"level":"error","line":"1244","name":"error","position":"8","routine":"scanner_yyerror","severity":"ERROR","timestamp":"2026-07-01T09:04:52.935Z"}
{"code":"42601","file":"scan.l","length":92,"level":"error","line":"1244","name":"error","position":"8","routine":"scanner_yyerror","severity":"ERROR","timestamp":"2026-07-01T09:04:52.935Z"}
{"code":"42601","file":"scan.l","length":92,"level":"error","line":"1244","name":"error","position":"8","routine":"scanner_yyerror","severity":"ERROR","timestamp":"2026-07-01T09:04:53.385Z"}
{"code":"42601","file":"scan.l","length":92,"level":"error","line":"1244","name":"error","position":"8","routine":"scanner_yyerror","severity":"ERROR","timestamp":"2026-07-01T09:04:53.385Z"}
{"code":"42601","file":"scan.l","length":92,"level":"error","line":"1244","name":"error","position":"8","routine":"scanner_yyerror","severity":"ERROR","timestamp":"2026-07-01T09:05:36.051Z"}
{"code":"42601","file":"scan.l","length":92,"level":"error","line":"1244","name":"error","position":"8","routine":"scanner_yyerror","severity":"ERROR","timestamp":"2026-07-01T09:05:36.051Z"}
{"code":"42601","file":"scan.l","length":92,"level":"error","line":"1244","name":"error","position":"8","routine":"scanner_yyerror","severity":"ERROR","timestamp":"2026-07-01T09:05:36.667Z"}
{"code":"42601","file":"scan.l","length":92,"level":"error","line":"1244","name":"error","position":"8","routine":"scanner_yyerror","severity":"ERROR","timestamp":"2026-07-01T09:05:36.667Z"}
{"code":"42601","file":"scan.l","length":92,"level":"error","line":"1244","name":"error","position":"8","routine":"scanner_yyerror","severity":"ERROR","timestamp":"2026-07-01T09:05:36.871Z"}
{"code":"42601","file":"scan.l","length":92,"level":"error","line":"1244","name":"error","position":"8","routine":"scanner_yyerror","severity":"ERROR","timestamp":"2026-07-01T09:05:36.871Z"}
{"code":"42601","file":"scan.l","length":92,"level":"error","line":"1244","name":"error","position":"8","routine":"scanner_yyerror","severity":"ERROR","timestamp":"2026-07-01T09:05:37.043Z"}
{"code":"42601","file":"scan.l","length":92,"level":"error","line":"1244","name":"error","position":"8","routine":"scanner_yyerror","severity":"ERROR","timestamp":"2026-07-01T09:05:37.043Z"}
{"code":"42601","file":"scan.l","length":92,"level":"error","line":"1244","name":"error","position":"8","routine":"scanner_yyerror","severity":"ERROR","timestamp":"2026-07-01T09:05:37.206Z"}
{"code":"42601","file":"scan.l","length":92,"level":"error","line":"1244","name":"error","position":"8","routine":"scanner_yyerror","severity":"ERROR","timestamp":"2026-07-01T09:05:37.206Z"}
{"code":"42601","file":"scan.l","length":92,"level":"error","line":"1244","name":"error","position":"8","routine":"scanner_yyerror","severity":"ERROR","timestamp":"2026-07-01T09:05:50.606Z"}
{"code":"42601","file":"scan.l","length":92,"level":"error","line":"1244","name":"error","position":"8","routine":"scanner_yyerror","severity":"ERROR","timestamp":"2026-07-01T09:05:50.606Z"}
{"level":"error","message":"Not Found","timestamp":"2026-07-01T09:07:57.162Z"}
{"level":"error","message":"Not Found","timestamp":"2026-07-01T09:07:57.446Z"}
{"level":"error","message":"Not Found","timestamp":"2026-07-01T09:08:01.476Z"}
{"level":"error","message":"Not Found","timestamp":"2026-07-01T09:08:39.113Z"}
{"level":"error","message":"Not Found","timestamp":"2026-07-01T09:08:39.117Z"}
{"level":"error","message":"Not Found","timestamp":"2026-07-01T09:08:39.150Z"}
{"level":"error","message":"Not Found","timestamp":"2026-07-01T09:08:46.944Z"}
{"level":"error","message":"Not Found","timestamp":"2026-07-01T09:08:47.712Z"}
{"level":"error","message":"Not Found","timestamp":"2026-07-01T09:08:50.398Z"}
{"level":"error","message":"Not Found","timestamp":"2026-07-01T09:08:50.810Z"}
{"level":"error","message":"Not Found","timestamp":"2026-07-01T09:08:50.972Z"}
{"level":"error","message":"Not Found","timestamp":"2026-07-01T09:08:51.118Z"}
{"level":"error","message":"Not Found","timestamp":"2026-07-01T09:08:51.264Z"}
{"level":"error","message":"Not Found","timestamp":"2026-07-01T09:08:51.422Z"}
{"level":"error","message":"Not Found","timestamp":"2026-07-01T09:08:51.580Z"}
{"level":"error","message":"Not Found","timestamp":"2026-07-01T09:08:51.737Z"}
{"level":"error","message":"Not Found","timestamp":"2026-07-01T09:08:51.847Z"}
{"level":"error","message":"Not Found","timestamp":"2026-07-01T09:08:52.011Z"}
{"level":"error","message":"Not Found","timestamp":"2026-07-01T09:08:52.165Z"}
{"level":"error","message":"Not Found","timestamp":"2026-07-01T09:08:52.315Z"}
{"level":"error","message":"Not Found","timestamp":"2026-07-01T09:08:52.498Z"}
{"level":"error","message":"Not Found","timestamp":"2026-07-01T09:08:52.720Z"}
{"level":"error","message":"Not Found","timestamp":"2026-07-01T09:08:52.866Z"}
{"level":"error","message":"Not Found","timestamp":"2026-07-01T09:09:07.838Z"}
{"level":"error","message":"Not Found","timestamp":"2026-07-01T09:09:07.839Z"}
{"level":"error","message":"Not Found","timestamp":"2026-07-01T09:09:07.878Z"}
{"level":"error","message":"Not Found","timestamp":"2026-07-01T09:09:12.953Z"}
{"level":"error","message":"Not Found","timestamp":"2026-07-01T09:12:29.619Z"}
{"level":"error","message":"Not Found","timestamp":"2026-07-01T09:12:30.226Z"}
{"level":"error","message":"Not Found","timestamp":"2026-07-01T09:13:33.940Z"}
{"level":"error","message":"Not Found","timestamp":"2026-07-01T09:13:34.317Z"}
{"level":"error","message":"Not Found","timestamp":"2026-07-01T09:14:20.675Z"}
{"level":"error","message":"Not Found","timestamp":"2026-07-01T09:14:21.055Z"}
{"level":"error","message":"Not Found","timestamp":"2026-07-01T09:16:37.237Z"}
{"level":"error","message":"Not Found","timestamp":"2026-07-01T09:16:37.602Z"}
{"level":"error","message":"Not Found","timestamp":"2026-07-01T09:16:54.866Z"}
{"level":"error","message":"Not Found","timestamp":"2026-07-01T09:16:54.871Z"}
{"level":"error","message":"Not Found","timestamp":"2026-07-01T09:16:54.900Z"}
{"level":"error","message":"Not Found","timestamp":"2026-07-01T09:16:56.460Z"}
{"level":"error","message":"Not Found","timestamp":"2026-07-01T09:16:56.463Z"}
{"level":"error","message":"Not Found","timestamp":"2026-07-01T09:16:56.494Z"}
{"level":"error","message":"Not Found","timestamp":"2026-07-01T09:16:57.410Z"}
{"level":"error","message":"Not Found","timestamp":"2026-07-01T09:16:57.411Z"}
{"level":"error","message":"Not Found","timestamp":"2026-07-01T09:16:57.444Z"}
{"level":"error","message":"Not Found","timestamp":"2026-07-01T09:16:58.467Z"}
{"level":"error","message":"Not Found","timestamp":"2026-07-01T09:16:58.468Z"}
{"level":"error","message":"Not Found","timestamp":"2026-07-01T09:16:58.502Z"}
{"level":"error","message":"Not Found","timestamp":"2026-07-01T09:16:59.081Z"}
{"level":"error","message":"Not Found","timestamp":"2026-07-01T09:16:59.082Z"}
{"level":"error","message":"Not Found","timestamp":"2026-07-01T09:16:59.109Z"}
{"level":"error","message":"Not Found","timestamp":"2026-07-01T09:16:59.712Z"}
{"level":"error","message":"Not Found","timestamp":"2026-07-01T09:16:59.713Z"}
{"level":"error","message":"Not Found","timestamp":"2026-07-01T09:16:59.737Z"}
{"level":"error","message":"Not Found","timestamp":"2026-07-01T09:17:00.257Z"}
{"level":"error","message":"Not Found","timestamp":"2026-07-01T09:17:00.258Z"}
{"level":"error","message":"Not Found","timestamp":"2026-07-01T09:17:00.287Z"}
{"level":"error","message":"Not Found","timestamp":"2026-07-01T09:17:00.787Z"}
{"level":"error","message":"Not Found","timestamp":"2026-07-01T09:17:00.788Z"}
{"level":"error","message":"Not Found","timestamp":"2026-07-01T09:17:00.811Z"}
{"level":"error","message":"Not Found","timestamp":"2026-07-01T09:17:01.266Z"}
{"level":"error","message":"Not Found","timestamp":"2026-07-01T09:17:01.267Z"}
{"level":"error","message":"Not Found","timestamp":"2026-07-01T09:17:01.290Z"}
{"level":"error","message":"Not Found","timestamp":"2026-07-01T09:17:01.701Z"}
{"level":"error","message":"Not Found","timestamp":"2026-07-01T09:17:01.701Z"}
{"level":"error","message":"Not Found","timestamp":"2026-07-01T09:17:01.728Z"}
{"level":"error","message":"Not Found","timestamp":"2026-07-01T09:17:02.180Z"}
{"level":"error","message":"Not Found","timestamp":"2026-07-01T09:17:02.181Z"}
{"level":"error","message":"Not Found","timestamp":"2026-07-01T09:17:02.204Z"}
{"level":"error","message":"Not Found","timestamp":"2026-07-01T09:17:02.533Z"}
{"level":"error","message":"Not Found","timestamp":"2026-07-01T09:17:02.534Z"}
{"level":"error","message":"Not Found","timestamp":"2026-07-01T09:17:02.555Z"}
{"level":"error","message":"Not Found","timestamp":"2026-07-01T09:17:02.880Z"}
{"level":"error","message":"Not Found","timestamp":"2026-07-01T09:17:02.881Z"}
{"level":"error","message":"Not Found","timestamp":"2026-07-01T09:17:02.907Z"}
{"code":"42601","file":"scan.l","length":94,"level":"error","line":"1244","name":"error","position":"40","routine":"scanner_yyerror","severity":"ERROR","timestamp":"2026-07-01T09:17:21.117Z"}
{"code":"42601","file":"scan.l","length":94,"level":"error","line":"1244","name":"error","position":"40","routine":"scanner_yyerror","severity":"ERROR","timestamp":"2026-07-01T09:17:21.117Z"}
{"code":"42601","file":"scan.l","length":94,"level":"error","line":"1244","name":"error","position":"40","routine":"scanner_yyerror","severity":"ERROR","timestamp":"2026-07-01T09:17:22.025Z"}
{"code":"42601","file":"scan.l","length":94,"level":"error","line":"1244","name":"error","position":"40","routine":"scanner_yyerror","severity":"ERROR","timestamp":"2026-07-01T09:17:22.025Z"}
{"code":"42601","file":"scan.l","length":94,"level":"error","line":"1244","name":"error","position":"40","routine":"scanner_yyerror","severity":"ERROR","timestamp":"2026-07-01T09:17:22.510Z"}
{"code":"42601","file":"scan.l","length":94,"level":"error","line":"1244","name":"error","position":"40","routine":"scanner_yyerror","severity":"ERROR","timestamp":"2026-07-01T09:17:22.510Z"}
{"code":"42601","file":"scan.l","length":94,"level":"error","line":"1244","name":"error","position":"40","routine":"scanner_yyerror","severity":"ERROR","timestamp":"2026-07-01T09:17:22.582Z"}
{"code":"42601","file":"scan.l","length":94,"level":"error","line":"1244","name":"error","position":"40","routine":"scanner_yyerror","severity":"ERROR","timestamp":"2026-07-01T09:17:22.582Z"}
{"code":"42601","file":"scan.l","length":94,"level":"error","line":"1244","name":"error","position":"40","routine":"scanner_yyerror","severity":"ERROR","timestamp":"2026-07-01T09:17:22.718Z"}
{"code":"42601","file":"scan.l","length":94,"level":"error","line":"1244","name":"error","position":"40","routine":"scanner_yyerror","severity":"ERROR","timestamp":"2026-07-01T09:17:22.718Z"}
{"code":"42601","file":"scan.l","length":94,"level":"error","line":"1244","name":"error","position":"40","routine":"scanner_yyerror","severity":"ERROR","timestamp":"2026-07-01T09:17:23.041Z"}
{"code":"42601","file":"scan.l","length":94,"level":"error","line":"1244","name":"error","position":"40","routine":"scanner_yyerror","severity":"ERROR","timestamp":"2026-07-01T09:17:23.041Z"}
{"code":"42601","file":"scan.l","length":94,"level":"error","line":"1244","name":"error","position":"40","routine":"scanner_yyerror","severity":"ERROR","timestamp":"2026-07-01T09:17:23.175Z"}
{"code":"42601","file":"scan.l","length":94,"level":"error","line":"1244","name":"error","position":"40","routine":"scanner_yyerror","severity":"ERROR","timestamp":"2026-07-01T09:17:23.175Z"}
{"code":"42601","file":"scan.l","length":94,"level":"error","line":"1244","name":"error","position":"40","routine":"scanner_yyerror","severity":"ERROR","timestamp":"2026-07-01T09:17:23.322Z"}
{"code":"42601","file":"scan.l","length":94,"level":"error","line":"1244","name":"error","position":"40","routine":"scanner_yyerror","severity":"ERROR","timestamp":"2026-07-01T09:17:23.322Z"}
{"code":"42601","file":"scan.l","length":94,"level":"error","line":"1244","name":"error","position":"40","routine":"scanner_yyerror","severity":"ERROR","timestamp":"2026-07-01T09:17:23.479Z"}
{"code":"42601","file":"scan.l","length":94,"level":"error","line":"1244","name":"error","position":"40","routine":"scanner_yyerror","severity":"ERROR","timestamp":"2026-07-01T09:17:23.479Z"}
{"code":"42601","file":"scan.l","length":94,"level":"error","line":"1244","name":"error","position":"40","routine":"scanner_yyerror","severity":"ERROR","timestamp":"2026-07-01T09:17:23.619Z"}
{"code":"42601","file":"scan.l","length":94,"level":"error","line":"1244","name":"error","position":"40","routine":"scanner_yyerror","severity":"ERROR","timestamp":"2026-07-01T09:17:23.619Z"}
{"code":"42601","file":"scan.l","length":94,"level":"error","line":"1244","name":"error","position":"40","routine":"scanner_yyerror","severity":"ERROR","timestamp":"2026-07-01T09:17:23.779Z"}
{"code":"42601","file":"scan.l","length":94,"level":"error","line":"1244","name":"error","position":"40","routine":"scanner_yyerror","severity":"ERROR","timestamp":"2026-07-01T09:17:23.779Z"}
{"code":"42601","file":"scan.l","length":94,"level":"error","line":"1244","name":"error","position":"40","routine":"scanner_yyerror","severity":"ERROR","timestamp":"2026-07-01T09:17:23.906Z"}
{"code":"42601","file":"scan.l","length":94,"level":"error","line":"1244","name":"error","position":"40","routine":"scanner_yyerror","severity":"ERROR","timestamp":"2026-07-01T09:17:23.906Z"}
{"code":"42601","file":"scan.l","length":94,"level":"error","line":"1244","name":"error","position":"40","routine":"scanner_yyerror","severity":"ERROR","timestamp":"2026-07-01T09:17:24.047Z"}
{"code":"42601","file":"scan.l","length":94,"level":"error","line":"1244","name":"error","position":"40","routine":"scanner_yyerror","severity":"ERROR","timestamp":"2026-07-01T09:17:24.047Z"}
{"level":"error","message":"Not Found","timestamp":"2026-07-01T09:20:34.797Z"}
{"level":"error","message":"Not Found","timestamp":"2026-07-01T09:20:40.060Z"}
{"level":"error","message":"Not Found","timestamp":"2026-07-01T09:20:40.532Z"}
{"level":"error","message":"Not Found","timestamp":"2026-07-01T09:20:40.725Z"}
{"level":"error","message":"Not Found","timestamp":"2026-07-01T09:20:40.914Z"}
{"level":"error","message":"Not Found","timestamp":"2026-07-01T09:20:41.083Z"}
{"level":"error","message":"Not Found","timestamp":"2026-07-01T09:20:41.247Z"}
{"level":"error","message":"Not Found","timestamp":"2026-07-01T09:20:41.436Z"}
{"level":"error","message":"Not Found","timestamp":"2026-07-01T09:20:41.591Z"}
{"level":"error","message":"Not Found","timestamp":"2026-07-01T09:20:41.774Z"}
{"level":"error","message":"Not Found","timestamp":"2026-07-01T09:20:41.939Z"}
{"level":"error","message":"Not Found","timestamp":"2026-07-01T09:20:42.103Z"}
{"level":"error","message":"Not Found","timestamp":"2026-07-01T09:20:42.435Z"}
{"level":"error","message":"Not Found","timestamp":"2026-07-01T09:20:42.603Z"}
{"level":"error","message":"Not Found","timestamp":"2026-07-01T09:20:42.779Z"}
{"level":"error","message":"Not Found","timestamp":"2026-07-01T09:20:42.956Z"}
{"level":"error","message":"Not Found","timestamp":"2026-07-01T09:20:43.110Z"}
{"level":"error","message":"Not Found","timestamp":"2026-07-01T09:20:47.656Z"}
{"level":"error","message":"Not Found","timestamp":"2026-07-01T09:20:48.066Z"}
{"level":"error","message":"Not Found","timestamp":"2026-07-01T09:21:27.870Z"}
{"level":"error","message":"Not Found","timestamp":"2026-07-01T09:23:40.248Z"}
{"level":"error","message":"Not Found","timestamp":"2026-07-01T09:23:40.260Z"}
{"level":"error","message":"Not Found","timestamp":"2026-07-01T09:23:40.276Z"}
{"level":"error","timestamp":"2026-07-01T09:23:41.762Z"}
{"level":"error","timestamp":"2026-07-01T09:23:53.873Z"}
{"level":"error","timestamp":"2026-07-01T09:24:26.207Z"}
{"level":"error","timestamp":"2026-07-01T09:24:52.020Z"}
{"level":"error","message":"Not Found","timestamp":"2026-07-01T09:26:34.867Z"}
{"level":"error","message":"Not Found","timestamp":"2026-07-01T09:26:35.746Z"}
{"level":"error","message":"Not Found","timestamp":"2026-07-01T09:27:37.180Z"}
{"level":"error","message":"Not Found","timestamp":"2026-07-01T09:33:25.262Z"}
{"level":"error","message":"Not Found","timestamp":"2026-07-01T09:33:25.584Z"}
{"level":"error","message":"Not Found","timestamp":"2026-07-01T09:37:42.260Z"}
{"level":"error","message":"Not Found","timestamp":"2026-07-01T09:37:42.266Z"}
{"level":"error","message":"Not Found","timestamp":"2026-07-01T09:37:42.298Z"}
{"level":"error","message":"Not Found","timestamp":"2026-07-01T09:37:55.385Z"}
{"level":"error","message":"Not Found","timestamp":"2026-07-01T09:37:55.386Z"}
{"level":"error","message":"Not Found","timestamp":"2026-07-01T09:37:55.425Z"}
{"level":"error","message":"Not Found","timestamp":"2026-07-01T09:37:57.005Z"}
{"level":"error","message":"Not Found","timestamp":"2026-07-01T09:37:57.008Z"}
{"level":"error","message":"Not Found","timestamp":"2026-07-01T09:37:57.042Z"}
{"level":"error","message":"Not Found","timestamp":"2026-07-01T09:38:04.769Z"}
{"level":"error","message":"Not Found","timestamp":"2026-07-01T09:38:04.770Z"}
{"level":"error","message":"Not Found","timestamp":"2026-07-01T09:38:04.805Z"}
{"level":"error","message":"Not Found","timestamp":"2026-07-02T04:30:14.873Z"}
{"level":"error","message":"Not Found","timestamp":"2026-07-02T04:30:21.908Z"}
{"level":"error","message":"Not Found","timestamp":"2026-07-02T04:30:22.235Z"}
{"level":"error","message":"Not Found","timestamp":"2026-07-02T04:30:53.247Z"}
{"level":"error","message":"Not Found","timestamp":"2026-07-02T04:30:57.998Z"}
{"level":"error","message":"Not Found","timestamp":"2026-07-02T04:30:58.346Z"}
{"level":"error","message":"Not Found","timestamp":"2026-07-02T04:31:14.004Z"}
{"level":"error","message":"Not Found","timestamp":"2026-07-02T04:31:14.424Z"}
{"level":"error","message":"Not Found","timestamp":"2026-07-02T04:31:14.605Z"}
{"level":"error","message":"Not Found","timestamp":"2026-07-02T04:31:14.759Z"}
{"level":"error","message":"Not Found","timestamp":"2026-07-02T04:31:14.927Z"}
{"level":"error","message":"Not Found","timestamp":"2026-07-02T04:31:15.090Z"}
{"level":"error","message":"Not Found","timestamp":"2026-07-02T04:31:15.240Z"}
{"level":"error","timestamp":"2026-07-02T04:31:53.398Z"}
{"level":"error","timestamp":"2026-07-02T04:32:00.551Z"}
{"level":"error","timestamp":"2026-07-02T04:32:00.900Z"}
{"level":"error","message":"Not Found","timestamp":"2026-07-02T04:32:20.589Z"}
{"level":"error","message":"Not Found","timestamp":"2026-07-02T04:32:21.346Z"}
{"level":"error","message":"Not Found","timestamp":"2026-07-02T04:32:32.205Z"}
{"level":"error","message":"Not Found","timestamp":"2026-07-02T04:32:32.516Z"}
{"level":"error","message":"Not Found","timestamp":"2026-07-02T04:32:55.752Z"}
{"level":"error","message":"Not Found","timestamp":"2026-07-02T04:32:59.729Z"}
{"level":"error","message":"Not Found","timestamp":"2026-07-02T04:33:00.033Z"}
{"level":"error","message":"Not Found","timestamp":"2026-07-02T04:33:25.142Z"}
{"level":"error","message":"Not Found","timestamp":"2026-07-02T04:33:32.311Z"}
{"level":"error","message":"Not Found","timestamp":"2026-07-02T04:33:32.622Z"}
{"level":"error","message":"Not Found","timestamp":"2026-07-02T04:34:22.023Z"}
{"level":"error","message":"Not Found","timestamp":"2026-07-02T04:34:22.337Z"}
{"level":"error","message":"Not Found","timestamp":"2026-07-02T04:34:58.122Z"}
{"level":"error","message":"Not Found","timestamp":"2026-07-02T04:34:58.454Z"}
{"level":"error","message":"Not Found","timestamp":"2026-07-02T04:35:21.544Z"}
{"level":"error","message":"Not Found","timestamp":"2026-07-02T04:35:30.099Z"}
{"level":"error","message":"Not Found","timestamp":"2026-07-02T04:35:30.193Z"}
{"level":"error","message":"Not Found","timestamp":"2026-07-02T04:35:30.758Z"}
{"level":"error","message":"Not Found","timestamp":"2026-07-02T04:35:30.833Z"}
{"level":"error","message":"Not Found","timestamp":"2026-07-02T04:35:30.982Z"}
{"level":"error","message":"Not Found","timestamp":"2026-07-02T04:35:31.043Z"}
{"level":"error","message":"Not Found","timestamp":"2026-07-02T04:35:31.178Z"}
{"level":"error","message":"Not Found","timestamp":"2026-07-02T04:35:31.239Z"}
{"level":"error","message":"Not Found","timestamp":"2026-07-02T04:35:31.352Z"}
{"level":"error","message":"Not Found","timestamp":"2026-07-02T04:35:31.416Z"}
{"level":"error","message":"Not Found","timestamp":"2026-07-02T04:35:31.508Z"}
{"level":"error","message":"Not Found","timestamp":"2026-07-02T04:35:31.571Z"}
{"level":"error","message":"Not Found","timestamp":"2026-07-02T04:35:31.678Z"}
{"level":"error","message":"Not Found","timestamp":"2026-07-02T04:35:31.738Z"}
{"level":"error","message":"Not Found","timestamp":"2026-07-02T04:35:31.878Z"}
{"level":"error","message":"Not Found","timestamp":"2026-07-02T04:35:31.939Z"}
{"level":"error","message":"Not Found","timestamp":"2026-07-02T04:35:32.050Z"}
{"level":"error","message":"Not Found","timestamp":"2026-07-02T04:35:32.114Z"}
{"level":"error","message":"Not Found","timestamp":"2026-07-02T04:35:32.220Z"}
{"level":"error","message":"Not Found","timestamp":"2026-07-02T04:35:32.281Z"}
{"level":"error","message":"Not Found","timestamp":"2026-07-02T04:35:32.397Z"}
{"level":"error","message":"Not Found","timestamp":"2026-07-02T04:35:32.470Z"}
{"level":"error","message":"Not Found","timestamp":"2026-07-02T04:35:32.571Z"}
{"level":"error","message":"Not Found","timestamp":"2026-07-02T04:35:32.633Z"}
{"level":"error","message":"Not Found","timestamp":"2026-07-02T04:35:33.592Z"}
{"level":"error","message":"Not Found","timestamp":"2026-07-02T04:35:33.658Z"}
{"level":"error","message":"Not Found","timestamp":"2026-07-02T04:37:10.302Z"}
{"level":"error","message":"Not Found","timestamp":"2026-07-02T04:37:10.402Z"}
{"level":"error","message":"Not Found","timestamp":"2026-07-02T04:37:11.422Z"}
{"level":"error","message":"Not Found","timestamp":"2026-07-02T04:37:36.771Z"}
{"level":"error","message":"Not Found","timestamp":"2026-07-02T04:37:36.834Z"}
{"level":"error","message":"Not Found","timestamp":"2026-07-02T04:37:37.478Z"}
{"level":"error","message":"Not Found","timestamp":"2026-07-02T04:37:37.565Z"}
{"level":"error","message":"Not Found","timestamp":"2026-07-02T04:37:37.670Z"}
{"level":"error","message":"Not Found","timestamp":"2026-07-02T04:37:37.737Z"}
{"level":"error","message":"Not Found","timestamp":"2026-07-02T04:37:37.826Z"}
{"level":"error","message":"Not Found","timestamp":"2026-07-02T04:37:37.890Z"}
{"level":"error","message":"Not Found","timestamp":"2026-07-02T04:37:37.986Z"}
{"level":"error","message":"Not Found","timestamp":"2026-07-02T04:37:38.048Z"}
{"level":"error","message":"Not Found","timestamp":"2026-07-02T04:37:38.137Z"}
{"level":"error","message":"Not Found","timestamp":"2026-07-02T04:37:38.200Z"}
{"level":"error","message":"Not Found","timestamp":"2026-07-02T04:37:38.751Z"}
{"level":"error","message":"Not Found","timestamp":"2026-07-02T04:37:38.940Z"}
{"level":"error","message":"Not Found","timestamp":"2026-07-02T04:37:39.073Z"}
{"level":"error","message":"Not Found","timestamp":"2026-07-02T04:37:39.227Z"}
{"level":"error","message":"Not Found","timestamp":"2026-07-02T04:37:39.379Z"}
{"level":"error","message":"Not Found","timestamp":"2026-07-02T04:37:39.539Z"}
{"level":"error","message":"Not Found","timestamp":"2026-07-02T04:37:39.713Z"}
{"level":"error","message":"Not Found","timestamp":"2026-07-02T04:37:39.853Z"}
{"level":"error","message":"Not Found","timestamp":"2026-07-02T04:37:40.006Z"}
{"level":"error","message":"Not Found","timestamp":"2026-07-02T04:37:40.157Z"}
{"level":"error","message":"Not Found","timestamp":"2026-07-02T04:37:40.308Z"}
{"level":"error","message":"Not Found","timestamp":"2026-07-02T04:37:40.452Z"}
{"level":"error","message":"Not Found","timestamp":"2026-07-02T04:37:40.607Z"}
{"level":"error","message":"Not Found","timestamp":"2026-07-02T04:37:40.749Z"}
{"level":"error","message":"Not Found","timestamp":"2026-07-02T04:37:40.891Z"}
{"level":"error","message":"Not Found","timestamp":"2026-07-02T04:37:41.010Z"}
{"level":"error","message":"Not Found","timestamp":"2026-07-02T04:37:47.227Z"}
{"level":"error","message":"Not Found","timestamp":"2026-07-02T04:37:47.408Z"}
{"level":"error","message":"Not Found","timestamp":"2026-07-02T04:37:47.561Z"}
{"level":"error","message":"Not Found","timestamp":"2026-07-02T04:37:47.702Z"}
{"level":"error","message":"Not Found","timestamp":"2026-07-02T04:37:47.857Z"}
{"level":"error","message":"Not Found","timestamp":"2026-07-02T04:37:48.006Z"}
{"level":"error","message":"Not Found","timestamp":"2026-07-02T04:37:48.126Z"}
{"level":"error","message":"Not Found","timestamp":"2026-07-02T04:37:51.284Z"}
{"level":"error","message":"Not Found","timestamp":"2026-07-02T04:37:51.645Z"}
{"code":400,"level":"error","timestamp":"2026-07-02T07:28:08.363Z"}
{"code":400,"level":"error","timestamp":"2026-07-02T07:28:15.225Z"}
{"code":400,"level":"error","timestamp":"2026-07-02T07:28:16.014Z"}
{"code":400,"level":"error","timestamp":"2026-07-02T07:28:16.367Z"}
{"code":400,"level":"error","timestamp":"2026-07-02T07:28:16.534Z"}
{"code":400,"level":"error","timestamp":"2026-07-02T07:28:16.684Z"}
{"code":400,"level":"error","timestamp":"2026-07-02T07:28:17.895Z"}
{"level":"error","message":"redis client error:  Cannot read properties of undefined (reading 'toString')","stack":"TypeError: Cannot read properties of undefined (reading 'toString')\n    at Object.parseCommand (/home/frdiskndr/belajar/shortlink/backend/node_modules/@redis/client/dist/lib/commands/SET.js:16:79)\n    at Class.set (/home/frdiskndr/belajar/shortlink/backend/node_modules/@redis/client/dist/lib/client/index.js:61:21)\n    at SetRedis (file:///home/frdiskndr/belajar/shortlink/backend/shared/lib/redis-connection.js:14:18)\n    at process.processTicksAndRejections (node:internal/process/task_queues:104:5)","timestamp":"2026-07-02T07:34:29.563Z"}
{"error":{},"level":"error","message":"redis client error","timestamp":"2026-07-02T07:48:58.793Z"}
{"level":"error","timestamp":"2026-07-02T07:48:58.794Z"}
{"error":{},"level":"error","message":"redis client error","timestamp":"2026-07-02T08:01:35.812Z"}
{"level":"error","timestamp":"2026-07-02T08:01:35.814Z"}
{"error":{},"level":"error","message":"redis client error","timestamp":"2026-07-02T11:29:53.515Z"}
{"level":"error","timestamp":"2026-07-02T11:29:53.516Z"}
{"error":{},"level":"error","message":"redis client error","timestamp":"2026-07-02T11:31:42.566Z"}
{"level":"error","timestamp":"2026-07-02T11:31:42.567Z"}
{"error":{},"level":"error","message":"redis client error","timestamp":"2026-07-02T11:32:00.582Z"}
{"level":"error","timestamp":"2026-07-02T11:32:00.583Z"}
{"error":{},"level":"error","message":"redis client error","timestamp":"2026-07-02T11:32:09.680Z"}
{"level":"error","timestamp":"2026-07-02T11:32:09.681Z"}
{"error":{},"level":"error","message":"redis client error","timestamp":"2026-07-02T11:32:10.192Z"}
{"level":"error","timestamp":"2026-07-02T11:32:10.193Z"}
{"error":{},"level":"error","message":"redis client error","timestamp":"2026-07-02T11:33:27.171Z"}
{"level":"error","timestamp":"2026-07-02T11:33:27.171Z"}
{"error":{},"level":"error","message":"redis client error","timestamp":"2026-07-02T11:33:29.129Z"}
{"level":"error","timestamp":"2026-07-02T11:33:29.129Z"}
{"error":{},"level":"error","message":"redis client error","timestamp":"2026-07-02T11:34:32.332Z"}
{"level":"error","timestamp":"2026-07-02T11:34:32.334Z"}
{"error":{},"level":"error","message":"redis client error","timestamp":"2026-07-02T11:36:07.837Z"}
{"level":"error","timestamp":"2026-07-02T11:36:07.837Z"}
{"error":{},"level":"error","message":"redis client error","timestamp":"2026-07-02T11:36:08.634Z"}
{"level":"error","timestamp":"2026-07-02T11:36:08.635Z"}
{"error":{},"level":"error","message":"redis client error","timestamp":"2026-07-02T11:36:09.038Z"}
{"level":"error","timestamp":"2026-07-02T11:36:09.038Z"}
{"error":{},"level":"error","message":"redis client error","timestamp":"2026-07-02T11:37:20.781Z"}
{"level":"error","timestamp":"2026-07-02T11:37:20.782Z"}
{"error":{},"level":"error","message":"redis client error","timestamp":"2026-07-02T11:38:15.818Z"}
{"level":"error","timestamp":"2026-07-02T11:38:15.818Z"}
{"error":{},"level":"error","message":"redis client error","timestamp":"2026-07-02T11:38:57.566Z"}
{"level":"error","timestamp":"2026-07-02T11:38:57.567Z"}
{"error":{},"level":"error","message":"redis client error","timestamp":"2026-07-02T11:39:40.096Z"}
{"level":"error","timestamp":"2026-07-02T11:39:40.096Z"}
{"error":{},"level":"error","message":"redis client error","timestamp":"2026-07-02T11:41:43.260Z"}
{"level":"error","timestamp":"2026-07-02T11:41:43.261Z"}
{"error":{},"level":"error","message":"redis client error","timestamp":"2026-07-02T11:41:43.752Z"}
{"level":"error","timestamp":"2026-07-02T11:41:43.752Z"}
{"error":{},"level":"error","message":"redis client error","timestamp":"2026-07-02T11:41:43.908Z"}
{"level":"error","timestamp":"2026-07-02T11:41:43.908Z"}
{"error":{},"level":"error","message":"redis client error","timestamp":"2026-07-02T11:41:44.081Z"}
{"level":"error","timestamp":"2026-07-02T11:41:44.082Z"}
{"error":{},"level":"error","message":"redis client error","timestamp":"2026-07-02T11:41:44.235Z"}
{"level":"error","timestamp":"2026-07-02T11:41:44.235Z"}
{"error":{},"level":"error","message":"redis client error","timestamp":"2026-07-02T11:41:45.118Z"}
{"level":"error","timestamp":"2026-07-02T11:41:45.118Z"}
{"level":"error","message":"Not Found","timestamp":"2026-07-02T11:41:50.831Z"}
{"error":{},"level":"error","message":"redis client error","timestamp":"2026-07-02T11:41:53.528Z"}
{"level":"error","timestamp":"2026-07-02T11:41:53.528Z"}
{"error":{},"level":"error","message":"redis client error","timestamp":"2026-07-02T11:45:34.791Z"}
{"level":"error","timestamp":"2026-07-02T11:45:34.792Z"}
{"error":{},"level":"error","message":"redis client error","timestamp":"2026-07-02T11:46:58.706Z"}
{"level":"error","timestamp":"2026-07-02T11:46:58.706Z"}
{"level":"error","timestamp":"2026-07-02T11:51:17.099Z"}
{"level":"error","timestamp":"2026-07-02T11:52:09.605Z"}
{"level":"error","timestamp":"2026-07-02T11:52:40.070Z"}
{"level":"error","timestamp":"2026-07-02T11:53:21.797Z"}
{"level":"error","timestamp":"2026-07-02T11:53:22.290Z"}
{"level":"error","timestamp":"2026-07-02T11:53:43.022Z"}
{"level":"error","timestamp":"2026-07-02T11:53:44.194Z"}
{"code":"42P01","file":"parse_relation.c","length":109,"level":"error","line":"1449","name":"error","position":"13","routine":"parserOpenTable","severity":"ERROR","timestamp":"2026-07-02T12:11:14.125Z"}
{"level":"error","message":"failed to store analitic to database","timestamp":"2026-07-02T12:11:14.126Z"}
{"code":"42P01","file":"parse_relation.c","length":109,"level":"error","line":"1449","name":"error","position":"13","routine":"parserOpenTable","severity":"ERROR","timestamp":"2026-07-02T12:11:18.547Z"}
{"level":"error","message":"failed to store analitic to database","timestamp":"2026-07-02T12:11:18.548Z"}
{"code":"42P01","file":"parse_relation.c","length":110,"level":"error","line":"1449","name":"error","position":"13","routine":"parserOpenTable","severity":"ERROR","timestamp":"2026-07-02T12:16:26.440Z"}
{"level":"error","message":"failed to store analitic to database","timestamp":"2026-07-02T12:16:26.440Z"}
{"code":"42P01","file":"parse_relation.c","length":110,"level":"error","line":"1449","name":"error","position":"13","routine":"parserOpenTable","severity":"ERROR","timestamp":"2026-07-02T12:16:28.512Z"}
{"level":"error","message":"failed to store analitic to database","timestamp":"2026-07-02T12:16:28.513Z"}
{"code":"42P01","file":"parse_relation.c","length":110,"level":"error","line":"1449","name":"error","position":"13","routine":"parserOpenTable","severity":"ERROR","timestamp":"2026-07-02T12:18:28.664Z"}
{"level":"error","message":"failed to store analitic to database","timestamp":"2026-07-02T12:18:28.664Z"}
{"code":"42P01","file":"parse_relation.c","length":110,"level":"error","line":"1449","name":"error","position":"13","routine":"parserOpenTable","severity":"ERROR","timestamp":"2026-07-02T12:19:31.116Z"}
{"level":"error","message":"failed to store analitic to database","timestamp":"2026-07-02T12:19:31.117Z"}
{"code":"42P01","file":"parse_relation.c","length":110,"level":"error","line":"1449","name":"error","position":"13","routine":"parserOpenTable","severity":"ERROR","timestamp":"2026-07-02T12:19:31.554Z"}
{"level":"error","message":"failed to store analitic to database","timestamp":"2026-07-02T12:19:31.555Z"}
{"code":"42601","file":"scan.l","length":91,"level":"error","line":"1244","name":"error","position":"131","routine":"scanner_yyerror","severity":"ERROR","timestamp":"2026-07-02T12:21:30.994Z"}
{"level":"error","message":"failed to store analitic to database","timestamp":"2026-07-02T12:21:30.995Z"}
{"code":"42601","file":"scan.l","length":91,"level":"error","line":"1244","name":"error","position":"131","routine":"scanner_yyerror","severity":"ERROR","timestamp":"2026-07-02T12:21:35.412Z"}
{"level":"error","message":"failed to store analitic to database","timestamp":"2026-07-02T12:21:35.412Z"}
{"code":"42601","file":"scan.l","length":91,"level":"error","line":"1244","name":"error","position":"131","routine":"scanner_yyerror","severity":"ERROR","timestamp":"2026-07-02T12:22:09.601Z"}
{"level":"error","message":"failed to store analitic to database","timestamp":"2026-07-02T12:22:09.604Z"}
{"code":"42601","file":"scan.l","length":91,"level":"error","line":"1244","name":"error","position":"131","routine":"scanner_yyerror","severity":"ERROR","timestamp":"2026-07-02T12:22:38.966Z"}
{"level":"error","message":"failed to store analitic to database","timestamp":"2026-07-02T12:22:38.966Z"}
{"code":"42601","file":"scan.l","length":91,"level":"error","line":"1244","name":"error","position":"131","routine":"scanner_yyerror","severity":"ERROR","timestamp":"2026-07-02T12:22:39.689Z"}
{"level":"error","message":"failed to store analitic to database","timestamp":"2026-07-02T12:22:39.690Z"}
{"code":"42601","file":"scan.l","length":91,"level":"error","line":"1244","name":"error","position":"131","routine":"scanner_yyerror","severity":"ERROR","timestamp":"2026-07-02T12:22:39.954Z"}
{"level":"error","message":"failed to store analitic to database","timestamp":"2026-07-02T12:22:39.955Z"}
{"code":"42601","file":"scan.l","length":91,"level":"error","line":"1244","name":"error","position":"131","routine":"scanner_yyerror","severity":"ERROR","timestamp":"2026-07-02T12:22:40.129Z"}
{"level":"error","message":"failed to store analitic to database","timestamp":"2026-07-02T12:22:40.130Z"}
{"code":"42P01","file":"parse_relation.c","length":110,"level":"error","line":"1449","name":"error","position":"13","routine":"parserOpenTable","severity":"ERROR","timestamp":"2026-07-02T12:23:50.020Z"}
{"code":"42P01","file":"parse_relation.c","length":110,"level":"error","line":"1449","message":"failed to store analitic to database relation \"requestlogs\" does not exist","name":"error","position":"13","routine":"parserOpenTable","severity":"ERROR","stack":"error: relation \"requestlogs\" does not exist\n    at /home/frdiskndr/belajar/shortlink/backend/node_modules/pg-pool/index.js:45:11\n    at process.processTicksAndRejections (node:internal/process/task_queues:104:5)\n    at async query (file:///home/frdiskndr/belajar/shortlink/backend/shared/lib/postgres-connection.js:19:17)\n    at async AnaliticUrl (file:///home/frdiskndr/belajar/shortlink/backend/shared/utils/analiticUrl.js:22:5)\n    at async file:///home/frdiskndr/belajar/shortlink/backend/modules/shortener/index.js:65:5","timestamp":"2026-07-02T12:23:50.020Z"}
{"code":"42P01","file":"parse_relation.c","length":110,"level":"error","line":"1449","name":"error","position":"13","routine":"parserOpenTable","severity":"ERROR","timestamp":"2026-07-02T12:24:02.799Z"}
{"code":"42P01","file":"parse_relation.c","length":110,"level":"error","line":"1449","message":"failed to store analitic to database relation \"requestlogs\" does not exist","name":"error","position":"13","routine":"parserOpenTable","severity":"ERROR","stack":"error: relation \"requestlogs\" does not exist\n    at /home/frdiskndr/belajar/shortlink/backend/node_modules/pg-pool/index.js:45:11\n    at process.processTicksAndRejections (node:internal/process/task_queues:104:5)\n    at async query (file:///home/frdiskndr/belajar/shortlink/backend/shared/lib/postgres-connection.js:19:17)\n    at async AnaliticUrl (file:///home/frdiskndr/belajar/shortlink/backend/shared/utils/analiticUrl.js:22:5)\n    at async file:///home/frdiskndr/belajar/shortlink/backend/modules/shortener/index.js:65:5","timestamp":"2026-07-02T12:24:02.799Z"}
{"code":"42P01","file":"parse_relation.c","length":110,"level":"error","line":"1449","name":"error","position":"13","routine":"parserOpenTable","severity":"ERROR","timestamp":"2026-07-02T12:24:03.239Z"}
{"code":"42P01","file":"parse_relation.c","length":110,"level":"error","line":"1449","message":"failed to store analitic to database relation \"requestlogs\" does not exist","name":"error","position":"13","routine":"parserOpenTable","severity":"ERROR","stack":"error: relation \"requestlogs\" does not exist\n    at /home/frdiskndr/belajar/shortlink/backend/node_modules/pg-pool/index.js:45:11\n    at process.processTicksAndRejections (node:internal/process/task_queues:104:5)\n    at async query (file:///home/frdiskndr/belajar/shortlink/backend/shared/lib/postgres-connection.js:19:17)\n    at async AnaliticUrl (file:///home/frdiskndr/belajar/shortlink/backend/shared/utils/analiticUrl.js:22:5)\n    at async file:///home/frdiskndr/belajar/shortlink/backend/modules/shortener/index.js:65:5","timestamp":"2026-07-02T12:24:03.239Z"}
{"code":"42P01","file":"parse_relation.c","length":110,"level":"error","line":"1449","name":"error","position":"13","routine":"parserOpenTable","severity":"ERROR","timestamp":"2026-07-02T12:24:54.190Z"}
{"code":"42P01","file":"parse_relation.c","length":110,"level":"error","line":"1449","message":"failed to store analitic to database relation \"requestlogs\" does not exist","name":"error","position":"13","routine":"parserOpenTable","severity":"ERROR","stack":"error: relation \"requestlogs\" does not exist\n    at /home/frdiskndr/belajar/shortlink/backend/node_modules/pg-pool/index.js:45:11\n    at process.processTicksAndRejections (node:internal/process/task_queues:104:5)\n    at async query (file:///home/frdiskndr/belajar/shortlink/backend/shared/lib/postgres-connection.js:19:17)\n    at async AnaliticUrl (file:///home/frdiskndr/belajar/shortlink/backend/shared/utils/analiticUrl.js:22:5)\n    at async file:///home/frdiskndr/belajar/shortlink/backend/modules/shortener/index.js:65:5","timestamp":"2026-07-02T12:24:54.190Z"}
{"code":"42P01","file":"parse_relation.c","length":110,"level":"error","line":"1449","name":"error","position":"13","routine":"parserOpenTable","severity":"ERROR","timestamp":"2026-07-02T12:24:54.291Z"}
{"code":"42P01","file":"parse_relation.c","length":110,"level":"error","line":"1449","message":"failed to store analitic to database relation \"requestlogs\" does not exist","name":"error","position":"13","routine":"parserOpenTable","severity":"ERROR","stack":"error: relation \"requestlogs\" does not exist\n    at /home/frdiskndr/belajar/shortlink/backend/node_modules/pg-pool/index.js:45:11\n    at process.processTicksAndRejections (node:internal/process/task_queues:104:5)\n    at async query (file:///home/frdiskndr/belajar/shortlink/backend/shared/lib/postgres-connection.js:19:17)\n    at async AnaliticUrl (file:///home/frdiskndr/belajar/shortlink/backend/shared/utils/analiticUrl.js:22:5)\n    at async file:///home/frdiskndr/belajar/shortlink/backend/modules/shortener/index.js:65:5","timestamp":"2026-07-02T12:24:54.291Z"}
{"code":"42P01","file":"parse_relation.c","length":110,"level":"error","line":"1449","name":"error","position":"13","routine":"parserOpenTable","severity":"ERROR","timestamp":"2026-07-02T12:24:54.429Z"}
{"code":"42P01","file":"parse_relation.c","length":110,"level":"error","line":"1449","message":"failed to store analitic to database relation \"requestlogs\" does not exist","name":"error","position":"13","routine":"parserOpenTable","severity":"ERROR","stack":"error: relation \"requestlogs\" does not exist\n    at /home/frdiskndr/belajar/shortlink/backend/node_modules/pg-pool/index.js:45:11\n    at process.processTicksAndRejections (node:internal/process/task_queues:104:5)\n    at async query (file:///home/frdiskndr/belajar/shortlink/backend/shared/lib/postgres-connection.js:19:17)\n    at async AnaliticUrl (file:///home/frdiskndr/belajar/shortlink/backend/shared/utils/analiticUrl.js:22:5)\n    at async file:///home/frdiskndr/belajar/shortlink/backend/modules/shortener/index.js:65:5","timestamp":"2026-07-02T12:24:54.429Z"}
{"level":"error","timestamp":"2026-07-02T12:32:49.527Z"}
{"level":"error","timestamp":"2026-07-02T12:32:53.870Z"}
{"level":"error","timestamp":"2026-07-02T12:32:56.124Z"}
{"level":"error","message":"Not Found","timestamp":"2026-07-02T12:35:34.335Z"}
{"level":"error","message":"Not Found","timestamp":"2026-07-02T12:35:35.246Z"}
{"level":"error","message":"Not Found","timestamp":"2026-07-02T12:35:35.428Z"}
{"level":"error","message":"Not Found","timestamp":"2026-07-02T12:35:35.577Z"}
{"level":"error","message":"Not Found","timestamp":"2026-07-02T12:35:35.745Z"}
{"level":"error","message":"Not Found","timestamp":"2026-07-02T12:35:39.003Z"}
{"level":"error","message":"Not Found","timestamp":"2026-07-02T12:35:39.720Z"}
{"level":"error","message":"Not Found","timestamp":"2026-07-02T12:35:39.866Z"}
{"level":"error","message":"Not Found","timestamp":"2026-07-02T12:35:40.028Z"}
{"level":"error","message":"Not Found","timestamp":"2026-07-02T12:35:40.192Z"}
{"level":"error","message":"Not Found","timestamp":"2026-07-02T12:35:54.368Z"}
{"level":"error","message":"Not Found","timestamp":"2026-07-02T12:35:54.525Z"}
{"level":"error","message":"Not Found","timestamp":"2026-07-02T12:35:54.697Z"}
{"level":"error","message":"Not Found","timestamp":"2026-07-02T12:35:54.878Z"}
{"level":"error","message":"Not Found","timestamp":"2026-07-02T12:35:55.026Z"}
{"level":"error","message":"Not Found","timestamp":"2026-07-02T12:35:55.192Z"}
{"level":"error","message":"Not Found","timestamp":"2026-07-02T12:35:55.816Z"}
{"level":"error","message":"Not Found","timestamp":"2026-07-02T12:35:55.976Z"}
{"level":"error","message":"Not Found","timestamp":"2026-07-02T12:35:56.124Z"}
{"level":"error","message":"Not Found","timestamp":"2026-07-02T12:35:56.312Z"}
{"level":"error","message":"Not Found","timestamp":"2026-07-02T12:35:56.482Z"}
{"level":"error","message":"Not Found","timestamp":"2026-07-02T12:35:56.717Z"}
{"level":"error","message":"Not Found","timestamp":"2026-07-02T12:35:56.918Z"}
{"level":"error","message":"Not Found","timestamp":"2026-07-02T12:35:57.108Z"}
{"level":"error","message":"Not Found","timestamp":"2026-07-02T12:35:57.651Z"}
{"level":"error","message":"Not Found","timestamp":"2026-07-02T12:35:58.039Z"}
{"level":"error","message":"Not Found","timestamp":"2026-07-02T12:35:58.237Z"}
{"level":"error","message":"Not Found","timestamp":"2026-07-02T12:35:58.541Z"}
{"level":"error","message":"Not Found","timestamp":"2026-07-02T12:35:58.869Z"}
{"level":"error","message":"Not Found","timestamp":"2026-07-02T12:35:59.187Z"}
